2021-01-15 10:52:16.145 - INFO - 5313 - azureml.train.automl._azureautomlclient.modify_run_configuration:199 - Package azureml-train-automl missing from dependencies file.
2021-01-15 10:52:16.145 - INFO - 5313 - azureml.train.automl._azureautomlclient.modify_run_configuration:205 - Using pinned version: azureml-train-automl==1.19.0.*
2021-01-15 10:52:16.146 - INFO - 5313 - azureml.train.automl._azureautomlclient.modify_run_configuration:199 - Package pandas missing from dependencies file.
2021-01-15 10:52:16.146 - INFO - 5313 - azureml.train.automl._azureautomlclient.modify_run_configuration:205 - Using pinned version: pandas==0.25.1
2021-01-15 10:52:16.147 - INFO - 5313 - azureml.train.automl._azureautomlclient.modify_run_configuration:199 - Package psutil missing from dependencies file.
2021-01-15 10:52:16.147 - INFO - 5313 - azureml.train.automl._azureautomlclient.modify_run_configuration:205 - Using pinned version: psutil>5.0.0,<6.0.0
2021-01-15 10:52:16.148 - INFO - 5313 - azureml.train.automl._azureautomlclient.modify_run_configuration:199 - Package scikit-learn missing from dependencies file.
2021-01-15 10:52:16.148 - INFO - 5313 - azureml.train.automl._azureautomlclient.modify_run_configuration:205 - Using pinned version: scikit-learn==0.22.1
2021-01-15 10:52:16.149 - INFO - 5313 - azureml.train.automl._azureautomlclient.modify_run_configuration:199 - Package numpy missing from dependencies file.
2021-01-15 10:52:16.149 - INFO - 5313 - azureml.train.automl._azureautomlclient.modify_run_configuration:205 - Using pinned version: numpy~=1.18.0
2021-01-15 10:52:16.150 - INFO - 5313 - azureml.train.automl._azureautomlclient.modify_run_configuration:199 - Package py-xgboost missing from dependencies file.
2021-01-15 10:52:16.150 - INFO - 5313 - azureml.train.automl._azureautomlclient.modify_run_configuration:205 - Using pinned version: py-xgboost<=0.90
2021-01-15 10:52:16.152 - INFO - 5313 - azureml.train.automl._azureautomlclient.modify_run_configuration:199 - Package inference-schema missing from dependencies file.
2021-01-15 10:52:16.153 - INFO - 5313 - azureml.train.automl._azureautomlclient.modify_run_configuration:199 - Package fbprophet missing from dependencies file.
2021-01-15 10:52:16.153 - INFO - 5313 - azureml.train.automl._azureautomlclient.modify_run_configuration:205 - Using pinned version: fbprophet==0.5
2021-01-15 10:52:16.154 - INFO - 5313 - azureml.train.automl._azureautomlclient.modify_run_configuration:199 - Package setuptools-git missing from dependencies file.
2021-01-15 10:52:16.154 - INFO - 5313 - azureml.train.automl._azureautomlclient.modify_run_configuration:209 - Using installed version: setuptools-git==1.2
2021-01-15 10:52:16.170 - INFO - 5313 - azureml.train.automl._azureautomlclient._validate_input:663 - Start data validation.
2021-01-15 10:52:16.845 - INFO - 5313 - azureml.train.automl._azureautomlclient._validate_input:676 - Validation service found the data has no errors.
2021-01-15 10:52:16.846 - INFO - 5313 - azureml.train.automl._azureautomlclient._create_parent_run_for_remote:541 - Start creating parent run.
2021-01-15 10:52:17.611 - INFO - 5313 - azureml.train.automl._azureautomlclient._create_parent_run_for_remote:561 - [ParentRunID:AutoML_90066085-ec01-4d85-a02e-d9b9050f081f] Remote run using input X and y.
2021-01-15 10:52:17.671 - INFO - 5313 - azureml.train.automl._azureautomlclient._create_parent_run_for_remote:574 - Parent Run ID: AutoML_90066085-ec01-4d85-a02e-d9b9050f081f
2021-01-15 10:52:17.672 - INFO - 5313 - azureml.train.automl._azureautomlclient._fit_remote_core:502 - Starting a snapshot run (snapshot_id : None)
